Analysis & Elaboration report for acceso
Mon Nov 02 19:33:17 2020
Quartus II 64-Bit Version 13.0.0 Build 156 04/24/2013 SJ Web Edition


---------------------
; Table of Contents ;
---------------------
  1. Legal Notice
  2. Analysis & Elaboration Summary
  3. Parallel Compilation
  4. Analysis & Elaboration Settings
  5. Port Connectivity Checks: "puntero:puntero_cabeza"
  6. Port Connectivity Checks: "puntero:puntero_cola|prxval:prxvalorentpunt|mux:muxpcero"
  7. Analysis & Elaboration Messages



----------------
; Legal Notice ;
----------------
Copyright (C) 1991-2013 Altera Corporation
Your use of Altera Corporation's design tools, logic functions 
and other software and tools, and its AMPP partner logic 
functions, and any output files from any of the foregoing 
(including device programming or simulation files), and any 
associated documentation or information are expressly subject 
to the terms and conditions of the Altera Program License 
Subscription Agreement, Altera MegaCore Function License 
Agreement, or other applicable license agreement, including, 
without limitation, that your use is for the sole purpose of 
programming logic devices manufactured by Altera and sold by 
Altera or its authorized distributors.  Please refer to the 
applicable agreement for further details.



+---------------------------------------------------------------------------------+
; Analysis & Elaboration Summary                                                  ;
+------------------------------------+--------------------------------------------+
; Analysis & Elaboration Status      ; Successful - Mon Nov 02 19:33:17 2020      ;
; Quartus II 64-Bit Version          ; 13.0.0 Build 156 04/24/2013 SJ Web Edition ;
; Revision Name                      ; acceso                                     ;
; Top-level Entity Name              ; acceso                                     ;
; Family                             ; Cyclone IV GX                              ;
; Total logic elements               ; N/A until Partition Merge                  ;
;     Total combinational functions  ; N/A until Partition Merge                  ;
;     Dedicated logic registers      ; N/A until Partition Merge                  ;
; Total registers                    ; N/A until Partition Merge                  ;
; Total pins                         ; N/A until Partition Merge                  ;
; Total virtual pins                 ; N/A until Partition Merge                  ;
; Total memory bits                  ; N/A until Partition Merge                  ;
; Embedded Multiplier 9-bit elements ; N/A until Partition Merge                  ;
; Total GXB Receiver Channel PCS     ; N/A until Partition Merge                  ;
; Total GXB Receiver Channel PMA     ; N/A until Partition Merge                  ;
; Total GXB Transmitter Channel PCS  ; N/A until Partition Merge                  ;
; Total GXB Transmitter Channel PMA  ; N/A until Partition Merge                  ;
; Total PLLs                         ; N/A until Partition Merge                  ;
+------------------------------------+--------------------------------------------+


Parallel compilation was disabled, but you have multiple processors available. Enable parallel compilation to reduce compilation time.
+-------------------------------------+
; Parallel Compilation                ;
+----------------------------+--------+
; Processors                 ; Number ;
+----------------------------+--------+
; Number detected on machine ; 12     ;
; Maximum allowed            ; 1      ;
+----------------------------+--------+


+----------------------------------------------------------------------------------------------------------------------+
; Analysis & Elaboration Settings                                                                                      ;
+----------------------------------------------------------------------------+--------------------+--------------------+
; Option                                                                     ; Setting            ; Default Value      ;
+----------------------------------------------------------------------------+--------------------+--------------------+
; Device                                                                     ; EP4CGX30CF23C6     ;                    ;
; Top-level entity name                                                      ; acceso             ; acceso             ;
; Family name                                                                ; Cyclone IV GX      ; Cyclone IV GX      ;
; Use smart compilation                                                      ; Off                ; Off                ;
; Enable parallel Assembler and TimeQuest Timing Analyzer during compilation ; On                 ; On                 ;
; Enable compact report table                                                ; Off                ; Off                ;
; Restructure Multiplexers                                                   ; Auto               ; Auto               ;
; Create Debugging Nodes for IP Cores                                        ; Off                ; Off                ;
; Preserve fewer node names                                                  ; On                 ; On                 ;
; Disable OpenCore Plus hardware evaluation                                  ; Off                ; Off                ;
; Verilog Version                                                            ; Verilog_2001       ; Verilog_2001       ;
; VHDL Version                                                               ; VHDL_1993          ; VHDL_1993          ;
; State Machine Processing                                                   ; Auto               ; Auto               ;
; Safe State Machine                                                         ; Off                ; Off                ;
; Extract Verilog State Machines                                             ; On                 ; On                 ;
; Extract VHDL State Machines                                                ; On                 ; On                 ;
; Ignore Verilog initial constructs                                          ; Off                ; Off                ;
; Iteration limit for constant Verilog loops                                 ; 5000               ; 5000               ;
; Iteration limit for non-constant Verilog loops                             ; 250                ; 250                ;
; Add Pass-Through Logic to Inferred RAMs                                    ; On                 ; On                 ;
; Infer RAMs from Raw Logic                                                  ; On                 ; On                 ;
; Parallel Synthesis                                                         ; On                 ; On                 ;
; DSP Block Balancing                                                        ; Auto               ; Auto               ;
; NOT Gate Push-Back                                                         ; On                 ; On                 ;
; Power-Up Don't Care                                                        ; On                 ; On                 ;
; Remove Redundant Logic Cells                                               ; Off                ; Off                ;
; Remove Duplicate Registers                                                 ; On                 ; On                 ;
; Ignore CARRY Buffers                                                       ; Off                ; Off                ;
; Ignore CASCADE Buffers                                                     ; Off                ; Off                ;
; Ignore GLOBAL Buffers                                                      ; Off                ; Off                ;
; Ignore ROW GLOBAL Buffers                                                  ; Off                ; Off                ;
; Ignore LCELL Buffers                                                       ; Off                ; Off                ;
; Ignore SOFT Buffers                                                        ; On                 ; On                 ;
; Limit AHDL Integers to 32 Bits                                             ; Off                ; Off                ;
; Optimization Technique                                                     ; Balanced           ; Balanced           ;
; Carry Chain Length                                                         ; 70                 ; 70                 ;
; Auto Carry Chains                                                          ; On                 ; On                 ;
; Auto Open-Drain Pins                                                       ; On                 ; On                 ;
; Perform WYSIWYG Primitive Resynthesis                                      ; Off                ; Off                ;
; Auto ROM Replacement                                                       ; On                 ; On                 ;
; Auto RAM Replacement                                                       ; On                 ; On                 ;
; Auto DSP Block Replacement                                                 ; On                 ; On                 ;
; Auto Shift Register Replacement                                            ; Auto               ; Auto               ;
; Allow Shift Register Merging across Hierarchies                            ; Auto               ; Auto               ;
; Auto Clock Enable Replacement                                              ; On                 ; On                 ;
; Strict RAM Replacement                                                     ; Off                ; Off                ;
; Allow Synchronous Control Signals                                          ; On                 ; On                 ;
; Force Use of Synchronous Clear Signals                                     ; Off                ; Off                ;
; Auto RAM Block Balancing                                                   ; On                 ; On                 ;
; Auto RAM to Logic Cell Conversion                                          ; Off                ; Off                ;
; Auto Resource Sharing                                                      ; Off                ; Off                ;
; Allow Any RAM Size For Recognition                                         ; Off                ; Off                ;
; Allow Any ROM Size For Recognition                                         ; Off                ; Off                ;
; Allow Any Shift Register Size For Recognition                              ; Off                ; Off                ;
; Use LogicLock Constraints during Resource Balancing                        ; On                 ; On                 ;
; Ignore translate_off and synthesis_off directives                          ; Off                ; Off                ;
; Timing-Driven Synthesis                                                    ; On                 ; On                 ;
; Report Parameter Settings                                                  ; On                 ; On                 ;
; Report Source Assignments                                                  ; On                 ; On                 ;
; Report Connectivity Checks                                                 ; On                 ; On                 ;
; Ignore Maximum Fan-Out Assignments                                         ; Off                ; Off                ;
; Synchronization Register Chain Length                                      ; 2                  ; 2                  ;
; PowerPlay Power Optimization                                               ; Normal compilation ; Normal compilation ;
; HDL message level                                                          ; Level2             ; Level2             ;
; Suppress Register Optimization Related Messages                            ; Off                ; Off                ;
; Number of Removed Registers Reported in Synthesis Report                   ; 5000               ; 5000               ;
; Number of Swept Nodes Reported in Synthesis Report                         ; 5000               ; 5000               ;
; Number of Inverted Registers Reported in Synthesis Report                  ; 100                ; 100                ;
; Clock MUX Protection                                                       ; On                 ; On                 ;
; Auto Gated Clock Conversion                                                ; Off                ; Off                ;
; Block Design Naming                                                        ; Auto               ; Auto               ;
; SDC constraint protection                                                  ; Off                ; Off                ;
; Synthesis Effort                                                           ; Auto               ; Auto               ;
; Shift Register Replacement - Allow Asynchronous Clear Signal               ; On                 ; On                 ;
; Pre-Mapping Resynthesis Optimization                                       ; Off                ; Off                ;
; Analysis & Synthesis Message Level                                         ; Medium             ; Medium             ;
; Disable Register Merging Across Hierarchies                                ; Auto               ; Auto               ;
; Resource Aware Inference For Block RAM                                     ; On                 ; On                 ;
; Synthesis Seed                                                             ; 1                  ; 1                  ;
+----------------------------------------------------------------------------+--------------------+--------------------+


+--------------------------------------------------------------------------------------------------------------------+
; Port Connectivity Checks: "puntero:puntero_cabeza"                                                                 ;
+----------+--------+----------+-------------------------------------------------------------------------------------+
; Port     ; Type   ; Severity ; Details                                                                             ;
+----------+--------+----------+-------------------------------------------------------------------------------------+
; puntincr ; Output ; Info     ; Connected to dangling logic. Logic that only feeds a dangling port will be removed. ;
+----------+--------+----------+-------------------------------------------------------------------------------------+


+--------------------------------------------------------------------------------------+
; Port Connectivity Checks: "puntero:puntero_cola|prxval:prxvalorentpunt|mux:muxpcero" ;
+------+-------+----------+------------------------------------------------------------+
; Port ; Type  ; Severity ; Details                                                    ;
+------+-------+----------+------------------------------------------------------------+
; e1   ; Input ; Info     ; Stuck at GND                                               ;
+------+-------+----------+------------------------------------------------------------+


+---------------------------------+
; Analysis & Elaboration Messages ;
+---------------------------------+
Info: *******************************************************************
Info: Running Quartus II 64-Bit Analysis & Elaboration
    Info: Version 13.0.0 Build 156 04/24/2013 SJ Web Edition
    Info: Processing started: Mon Nov 02 19:33:15 2020
Info: Command: quartus_map --read_settings_files=on --write_settings_files=off acceso -c acceso --analysis_and_elaboration
Warning (20028): Parallel compilation is not licensed and has been disabled
Info (12021): Found 1 design units, including 0 entities, in source file /users/catot/desktop/lab3/buffer_circular/componentes/control_interface/componentes/acceso/puntero/componentes/prxval/componentes_prxval_pkg/componentes_prxval_pkg.vhd
    Info (12022): Found design unit 1: componentes_prxval_pkg
Info (12021): Found 1 design units, including 0 entities, in source file /users/catot/desktop/lab3/buffer_circular/componentes/control_interface/componentes/acceso/puntero/componentes_puntero_pkg/componentes_puntero_pkg.vhd
    Info (12022): Found design unit 1: componentes_puntero_pkg
Info (12021): Found 1 design units, including 0 entities, in source file /users/catot/desktop/lab3/buffer_circular/tipos_ctes_pkg/retardos_buffer_pkg.vhd
    Info (12022): Found design unit 1: retardos_buffer_pkg
Info (12021): Found 1 design units, including 0 entities, in source file /users/catot/desktop/lab3/buffer_circular/tipos_ctes_pkg/cte_tipos_buffer_pkg.vhd
    Info (12022): Found design unit 1: cte_tipos_buffer_pkg
Info (12021): Found 1 design units, including 0 entities, in source file /users/catot/desktop/lab3/buffer_circular/componentes/control_interface/componentes/acceso/componentes_acceso_pkg/componentes_acceso_pkg.vhd
    Info (12022): Found design unit 1: componentes_acceso_pkg
Info (12021): Found 2 design units, including 1 entities, in source file /users/catot/desktop/lab3/buffer_circular/componentes/control_interface/componentes/acceso/ensamblado/codigo/acceso.vhd
    Info (12022): Found design unit 1: acceso-estruc
    Info (12023): Found entity 1: acceso
Info (12127): Elaborating entity "acceso" for the top level hierarchy
Warning (10036): Verilog HDL or VHDL warning at acceso.vhd(25): object "puntincr_esc" assigned a value but never read
Warning (12125): Using design file /users/catot/desktop/lab3/buffer_circular/componentes/control_interface/componentes/acceso/puntero/ensamblado/codigo/puntero.vhd, which is not specified as a design file for the current project, but contains definitions for 2 design units and 1 entities in project
    Info (12022): Found design unit 1: puntero-estruc
    Info (12023): Found entity 1: puntero
Info (12128): Elaborating entity "puntero" for hierarchy "puntero:puntero_cola"
Warning (12125): Using design file /users/catot/desktop/lab3/buffer_circular/componentes/control_interface/componentes/acceso/puntero/componentes/cnt_bin/codigo/cntbin.vhd, which is not specified as a design file for the current project, but contains definitions for 2 design units and 1 entities in project
    Info (12022): Found design unit 1: cntbin-compor
    Info (12023): Found entity 1: cntbin
Info (12128): Elaborating entity "cntbin" for hierarchy "puntero:puntero_cola|cntbin:contadorbinario"
Warning (12125): Using design file /users/catot/desktop/lab3/buffer_circular/componentes/control_interface/componentes/acceso/puntero/componentes/prxval/ensamblado/codigo/prxval.vhd, which is not specified as a design file for the current project, but contains definitions for 2 design units and 1 entities in project
    Info (12022): Found design unit 1: prxval-estruc
    Info (12023): Found entity 1: prxval
Info (12128): Elaborating entity "prxval" for hierarchy "puntero:puntero_cola|prxval:prxvalorentpunt"
Warning (12090): Entity "mux" obtained from "mux.vhd" instead of from Quartus II megafunction library
Warning (12125): Using design file /users/catot/desktop/lab3/buffer_circular/componentes/control_interface/componentes/acceso/puntero/componentes/prxval/componentes/mux/codigo/mux.vhd, which is not specified as a design file for the current project, but contains definitions for 2 design units and 1 entities in project
    Info (12022): Found design unit 1: mux-compor
    Info (12023): Found entity 1: mux
Info (12128): Elaborating entity "mux" for hierarchy "puntero:puntero_cola|prxval:prxvalorentpunt|mux:muxent"
Warning (12125): Using design file /users/catot/desktop/lab3/buffer_circular/componentes/control_interface/componentes/acceso/puntero/componentes/registro/codigo/reg.vhd, which is not specified as a design file for the current project, but contains definitions for 2 design units and 1 entities in project
    Info (12022): Found design unit 1: reg-compor
    Info (12023): Found entity 1: reg
Info (12128): Elaborating entity "reg" for hierarchy "puntero:puntero_cola|reg:estadopuntero"
Info: Quartus II 64-Bit Analysis & Elaboration was successful. 0 errors, 8 warnings
    Info: Peak virtual memory: 4694 megabytes
    Info: Processing ended: Mon Nov 02 19:33:17 2020
    Info: Elapsed time: 00:00:02
    Info: Total CPU time (on all processors): 00:00:02


